Logging in to vendor AiProducts
Using Log4J as the default logging framework
-Dio.netty.leakDetection.level: simple
-Dio.netty.leakDetection.targetRecords: 4
Loaded default ResourceLeakDetector: io.netty.util.ResourceLeakDetector@4f2b570c
-Dio.netty.noUnsafe: false
Java version: 11
sun.misc.Unsafe.theUnsafe: available
sun.misc.Unsafe.copyMemory: available
java.nio.Buffer.address: available
direct buffer constructor: unavailable: Reflective setAccessible(true) disabled
java.nio.Bits.unaligned: available, true
jdk.internal.misc.Unsafe.allocateUninitializedArray(int): unavailable: class io.netty.util.internal.PlatformDependent0$6 cannot access class jdk.internal.misc.Unsafe (in module java.base) because module java.base does not export jdk.internal.misc to unnamed module @96a4961
java.nio.DirectByteBuffer.<init>(long, int): unavailable
sun.misc.Unsafe: available
maxDirectMemory: 4267704320 bytes (maybe)
-Dio.netty.tmpdir: C:\Users\shahan\AppData\Local\Temp (java.io.tmpdir)
-Dio.netty.bitMode: 64 (sun.arch.data.model)
Platform: Windows
-Dio.netty.maxDirectMemory: -1 bytes
-Dio.netty.uninitializedArrayAllocationThreshold: -1
java.nio.ByteBuffer.cleaner(): available
-Dio.netty.noPreferDirect: false
org.jctools-core.MpscChunkedArrayQueue: available
-Dio.netty.threadLocalMap.stringBuilder.initialSize: 1024
-Dio.netty.threadLocalMap.stringBuilder.maxSize: 4096
Default protocols (JDK): [TLSv1.3, TLSv1.2] 
Default cipher suites (JDK): [TLS_ECDHE_ECDSA_WITH_AES_256_GCM_SHA384, TLS_ECDHE_ECDSA_WITH_AES_128_GCM_SHA256, TLS_ECDHE_RSA_WITH_AES_128_GCM_SHA256, TLS_ECDHE_RSA_WITH_AES_256_GCM_SHA384, TLS_ECDHE_RSA_WITH_AES_128_CBC_SHA, TLS_ECDHE_RSA_WITH_AES_256_CBC_SHA, TLS_RSA_WITH_AES_128_GCM_SHA256, TLS_RSA_WITH_AES_128_CBC_SHA, TLS_RSA_WITH_AES_256_CBC_SHA, TLS_AES_128_GCM_SHA256, TLS_AES_256_GCM_SHA384]
-Dio.netty.eventLoopThreads: 8
-Dio.netty.noKeySetOptimization: false
-Dio.netty.selectorAutoRebuildThreshold: 512
-Dio.netty.allocator.numHeapArenas: 8
-Dio.netty.allocator.numDirectArenas: 8
-Dio.netty.allocator.pageSize: 8192
-Dio.netty.allocator.maxOrder: 9
-Dio.netty.allocator.chunkSize: 4194304
-Dio.netty.allocator.smallCacheSize: 256
-Dio.netty.allocator.normalCacheSize: 64
-Dio.netty.allocator.maxCachedBufferCapacity: 32768
-Dio.netty.allocator.cacheTrimInterval: 8192
-Dio.netty.allocator.cacheTrimIntervalMillis: 0
-Dio.netty.allocator.useCacheForAllThreads: false
-Dio.netty.allocator.maxCachedByteBuffersPerChunk: 1023
-Dio.netty.allocator.type: pooled
-Dio.netty.threadLocalDirectBufferSize: 0
-Dio.netty.maxThreadLocalCharBufferSize: 16384
-Dio.netty.processId: 14960 (auto-detected)
-Djava.net.preferIPv4Stack: false
-Djava.net.preferIPv6Addresses: false
Loopback interface: lo (Software Loopback Interface 1, 127.0.0.1)
Failed to get SOMAXCONN from sysctl and file \proc\sys\net\core\somaxconn. Default: 200
-Dio.netty.machineId: 00:50:56:ff:fe:c0:00:08 (auto-detected)
-Dio.netty.buffer.checkAccessible: true
-Dio.netty.buffer.checkBounds: true
Loaded default ResourceLeakDetector: io.netty.util.ResourceLeakDetector@1371769
-Dio.netty.recycler.maxCapacityPerThread: 4096
-Dio.netty.recycler.ratio: 8
-Dio.netty.recycler.chunkSize: 32
-Dio.netty.recycler.blocking: false
brotli4j not in the classpath; Brotli support will be unavailable.
-Dio.netty.initialSeedUniquifier: 0xab911054dfe6eb75
Logging in to vendor APAir
Using Log4J as the default logging framework
-Dio.netty.leakDetection.level: simple
-Dio.netty.leakDetection.targetRecords: 4
Loaded default ResourceLeakDetector: io.netty.util.ResourceLeakDetector@383af367
-Dio.netty.noUnsafe: false
Java version: 11
sun.misc.Unsafe.theUnsafe: available
sun.misc.Unsafe.copyMemory: available
java.nio.Buffer.address: available
direct buffer constructor: unavailable: Reflective setAccessible(true) disabled
java.nio.Bits.unaligned: available, true
jdk.internal.misc.Unsafe.allocateUninitializedArray(int): unavailable: class io.netty.util.internal.PlatformDependent0$6 cannot access class jdk.internal.misc.Unsafe (in module java.base) because module java.base does not export jdk.internal.misc to unnamed module @4771aa1d
java.nio.DirectByteBuffer.<init>(long, int): unavailable
sun.misc.Unsafe: available
maxDirectMemory: 4267704320 bytes (maybe)
-Dio.netty.tmpdir: C:\Users\shahan\AppData\Local\Temp (java.io.tmpdir)
-Dio.netty.bitMode: 64 (sun.arch.data.model)
Platform: Windows
-Dio.netty.maxDirectMemory: -1 bytes
-Dio.netty.uninitializedArrayAllocationThreshold: -1
java.nio.ByteBuffer.cleaner(): available
-Dio.netty.noPreferDirect: false
org.jctools-core.MpscChunkedArrayQueue: available
-Dio.netty.threadLocalMap.stringBuilder.initialSize: 1024
-Dio.netty.threadLocalMap.stringBuilder.maxSize: 4096
Default protocols (JDK): [TLSv1.3, TLSv1.2] 
Default cipher suites (JDK): [TLS_ECDHE_ECDSA_WITH_AES_256_GCM_SHA384, TLS_ECDHE_ECDSA_WITH_AES_128_GCM_SHA256, TLS_ECDHE_RSA_WITH_AES_128_GCM_SHA256, TLS_ECDHE_RSA_WITH_AES_256_GCM_SHA384, TLS_ECDHE_RSA_WITH_AES_128_CBC_SHA, TLS_ECDHE_RSA_WITH_AES_256_CBC_SHA, TLS_RSA_WITH_AES_128_GCM_SHA256, TLS_RSA_WITH_AES_128_CBC_SHA, TLS_RSA_WITH_AES_256_CBC_SHA, TLS_AES_128_GCM_SHA256, TLS_AES_256_GCM_SHA384]
-Dio.netty.eventLoopThreads: 8
-Dio.netty.noKeySetOptimization: false
-Dio.netty.selectorAutoRebuildThreshold: 512
-Dio.netty.allocator.numHeapArenas: 8
-Dio.netty.allocator.numDirectArenas: 8
-Dio.netty.allocator.pageSize: 8192
-Dio.netty.allocator.maxOrder: 9
-Dio.netty.allocator.chunkSize: 4194304
-Dio.netty.allocator.smallCacheSize: 256
-Dio.netty.allocator.normalCacheSize: 64
-Dio.netty.allocator.maxCachedBufferCapacity: 32768
-Dio.netty.allocator.cacheTrimInterval: 8192
-Dio.netty.allocator.cacheTrimIntervalMillis: 0
-Dio.netty.allocator.useCacheForAllThreads: false
-Dio.netty.allocator.maxCachedByteBuffersPerChunk: 1023
-Dio.netty.allocator.type: pooled
-Dio.netty.threadLocalDirectBufferSize: 0
-Dio.netty.maxThreadLocalCharBufferSize: 16384
-Dio.netty.processId: 16396 (auto-detected)
-Djava.net.preferIPv4Stack: false
-Djava.net.preferIPv6Addresses: false
Loopback interface: lo (Software Loopback Interface 1, 127.0.0.1)
Failed to get SOMAXCONN from sysctl and file \proc\sys\net\core\somaxconn. Default: 200
-Dio.netty.machineId: 00:50:56:ff:fe:c0:00:08 (auto-detected)
-Dio.netty.buffer.checkAccessible: true
-Dio.netty.buffer.checkBounds: true
Loaded default ResourceLeakDetector: io.netty.util.ResourceLeakDetector@6a10927b
-Dio.netty.recycler.maxCapacityPerThread: 4096
-Dio.netty.recycler.ratio: 8
-Dio.netty.recycler.chunkSize: 32
-Dio.netty.recycler.blocking: false
brotli4j not in the classpath; Brotli support will be unavailable.
-Dio.netty.initialSeedUniquifier: 0x81947f9b232cdfea
Searching the item AL207876 from vendor APAir
Logging in to vendor AiProducts
Using Log4J as the default logging framework
-Dio.netty.leakDetection.level: simple
-Dio.netty.leakDetection.targetRecords: 4
Loaded default ResourceLeakDetector: io.netty.util.ResourceLeakDetector@4456894e
-Dio.netty.noUnsafe: false
Java version: 11
sun.misc.Unsafe.theUnsafe: available
sun.misc.Unsafe.copyMemory: available
java.nio.Buffer.address: available
direct buffer constructor: unavailable: Reflective setAccessible(true) disabled
java.nio.Bits.unaligned: available, true
jdk.internal.misc.Unsafe.allocateUninitializedArray(int): unavailable: class io.netty.util.internal.PlatformDependent0$6 cannot access class jdk.internal.misc.Unsafe (in module java.base) because module java.base does not export jdk.internal.misc to unnamed module @5805fefe
java.nio.DirectByteBuffer.<init>(long, int): unavailable
sun.misc.Unsafe: available
maxDirectMemory: 4267704320 bytes (maybe)
-Dio.netty.tmpdir: C:\Users\shahan\AppData\Local\Temp (java.io.tmpdir)
-Dio.netty.bitMode: 64 (sun.arch.data.model)
Platform: Windows
-Dio.netty.maxDirectMemory: -1 bytes
-Dio.netty.uninitializedArrayAllocationThreshold: -1
java.nio.ByteBuffer.cleaner(): available
-Dio.netty.noPreferDirect: false
org.jctools-core.MpscChunkedArrayQueue: available
-Dio.netty.threadLocalMap.stringBuilder.initialSize: 1024
-Dio.netty.threadLocalMap.stringBuilder.maxSize: 4096
Default protocols (JDK): [TLSv1.3, TLSv1.2] 
Default cipher suites (JDK): [TLS_ECDHE_ECDSA_WITH_AES_256_GCM_SHA384, TLS_ECDHE_ECDSA_WITH_AES_128_GCM_SHA256, TLS_ECDHE_RSA_WITH_AES_128_GCM_SHA256, TLS_ECDHE_RSA_WITH_AES_256_GCM_SHA384, TLS_ECDHE_RSA_WITH_AES_128_CBC_SHA, TLS_ECDHE_RSA_WITH_AES_256_CBC_SHA, TLS_RSA_WITH_AES_128_GCM_SHA256, TLS_RSA_WITH_AES_128_CBC_SHA, TLS_RSA_WITH_AES_256_CBC_SHA, TLS_AES_128_GCM_SHA256, TLS_AES_256_GCM_SHA384]
-Dio.netty.eventLoopThreads: 8
-Dio.netty.noKeySetOptimization: false
-Dio.netty.selectorAutoRebuildThreshold: 512
-Dio.netty.allocator.numHeapArenas: 8
-Dio.netty.allocator.numDirectArenas: 8
-Dio.netty.allocator.pageSize: 8192
-Dio.netty.allocator.maxOrder: 9
-Dio.netty.allocator.chunkSize: 4194304
-Dio.netty.allocator.smallCacheSize: 256
-Dio.netty.allocator.normalCacheSize: 64
-Dio.netty.allocator.maxCachedBufferCapacity: 32768
-Dio.netty.allocator.cacheTrimInterval: 8192
-Dio.netty.allocator.cacheTrimIntervalMillis: 0
-Dio.netty.allocator.useCacheForAllThreads: false
-Dio.netty.allocator.maxCachedByteBuffersPerChunk: 1023
-Dio.netty.allocator.type: pooled
-Dio.netty.threadLocalDirectBufferSize: 0
-Dio.netty.maxThreadLocalCharBufferSize: 16384
-Dio.netty.processId: 19724 (auto-detected)
-Djava.net.preferIPv4Stack: false
-Djava.net.preferIPv6Addresses: false
Loopback interface: lo (Software Loopback Interface 1, 127.0.0.1)
Failed to get SOMAXCONN from sysctl and file \proc\sys\net\core\somaxconn. Default: 200
-Dio.netty.machineId: 00:50:56:ff:fe:c0:00:08 (auto-detected)
-Dio.netty.buffer.checkAccessible: true
-Dio.netty.buffer.checkBounds: true
Loaded default ResourceLeakDetector: io.netty.util.ResourceLeakDetector@5e7bbd6d
-Dio.netty.recycler.maxCapacityPerThread: 4096
-Dio.netty.recycler.ratio: 8
-Dio.netty.recycler.chunkSize: 32
-Dio.netty.recycler.blocking: false
brotli4j not in the classpath; Brotli support will be unavailable.
-Dio.netty.initialSeedUniquifier: 0x665ebb6f1b9c20c1
Searching the item D9NN9601AA from vendor AiProducts
Logging in to vendor SpareX
Searching the item 531505M91 from vendor SpareX
